#
# A fatal error has been detected by the Java Runtime Environment:
#
#  EXCEPTION_ACCESS_VIOLATION (0xc0000005) at pc=0x000000006f988845, pid=3916, tid=12684
#
# JRE version: Java(TM) SE Runtime Environment (8.0_60-b27) (build 1.8.0_60-b27)
# Java VM: Java HotSpot(TM) 64-Bit Server VM (25.60-b23 mixed mode windows-amd64 compressed oops)
# Problematic frame:
# V  [jvm.dll+0x128845]
#
# Failed to write core dump. Minidumps are not enabled by default on client versions of Windows
#
# If you would like to submit a bug report, please visit:
#   http://bugreport.java.com/bugreport/crash.jsp
#

---------------  T H R E A D  ---------------

Current thread (0x0000000015d9c000):  JavaThread "JDWP Transport Listener: dt_socket" daemon [_thread_in_vm, id=12684, stack(0x0000000017a00000,0x0000000017b00000)]

siginfo: ExceptionCode=0xc0000005, reading address 0xffffffffffffffff

Registers:
RAX=0x0000000017aff401, RBX=0x0000000015d9c000, RCX=0x6d656c4564657400, RDX=0x0000000000000000
RSP=0x0000000017aff4a0, RBP=0x6d656c4564657400, RSI=0x0000000017aff5b8, RDI=0x0000000002bbe6a0
R8 =0x0000000015d9c000, R9 =0x00005049001c0005, R10=0x0000000000000000, R11=0x0000000017aff7f1
R12=0x0000000000000000, R13=0x0000000015da2bb8, R14=0x0000000000000000, R15=0x0000000000000000
RIP=0x000000006f988845, EFLAGS=0x0000000000010206

Top of Stack: (sp=0x0000000017aff4a0)
0x0000000017aff4a0:   0000000015d9c000 0000000015d9c000
0x0000000017aff4b0:   0000000017aff568 000000006fb8e18b
0x0000000017aff4c0:   0000000015d9c000 000000006fbaa9ed
0x0000000017aff4d0:   0000000000000000 00000000514e9155
0x0000000017aff4e0:   00000000208a1148 00000000514f291e
0x0000000017aff4f0:   0000000015d9c000 0000000000000000
0x0000000017aff500:   0000000000000000 0000000000000000
0x0000000017aff510:   6d656c4564657400 00000000514f1a15
0x0000000017aff520:   0000000017aff5b8 0000000017aff590
0x0000000017aff530:   0000000000000001 00000000208a1148
0x0000000017aff540:   6d656c4564657400 00000000514d53b3
0x0000000017aff550:   0000000017aff680 0000000000000001
0x0000000017aff560:   0000000000000001 00000000208a1148
0x0000000017aff570:   00000000f000100a 0000000000000000
0x0000000017aff580:   0000000000000000 0000000000000000
0x0000000017aff590:   0000000000000001 00000000514d5571 

Instructions: (pc=0x000000006f988845)
0x000000006f988825:   cc cc cc cc cc cc cc cc cc cc cc 48 83 ec 28 48
0x000000006f988835:   85 c9 75 07 33 c0 48 83 c4 28 c3 48 89 5c 24 20
0x000000006f988845:   48 8b 19 48 85 db 74 20 48 83 fb 37 74 1a 48 8b
0x000000006f988855:   13 48 8b cb ff 52 10 84 c0 74 0d 48 8b c3 48 8b 


Register to memory mapping:

RAX=0x0000000017aff401 is pointing into the stack for thread: 0x0000000015d9c000
RBX=0x0000000015d9c000 is a thread
RCX=0x6d656c4564657400 is an unknown value
RDX=0x0000000000000000 is an unknown value
RSP=0x0000000017aff4a0 is pointing into the stack for thread: 0x0000000015d9c000
RBP=0x6d656c4564657400 is an unknown value
RSI=0x0000000017aff5b8 is pointing into the stack for thread: 0x0000000015d9c000
RDI=0x0000000002bbe6a0 is an unknown value
R8 =0x0000000015d9c000 is a thread
R9 =0x00005049001c0005 is an unknown value
R10=0x0000000000000000 is an unknown value
R11=0x0000000017aff7f1 is pointing into the stack for thread: 0x0000000015d9c000
R12=0x0000000000000000 is an unknown value
R13=0x0000000015da2bb8 is an unknown value
R14=0x0000000000000000 is an unknown value
R15=0x0000000000000000 is an unknown value


Stack: [0x0000000017a00000,0x0000000017b00000],  sp=0x0000000017aff4a0,  free space=1021k
Native frames: (J=compiled Java code, j=interpreted, Vv=VM code, C=native code)
V  [jvm.dll+0x128845]
V  [jvm.dll+0x34a9ed]
C  [jdwp.dll+0x21a15]
C  [jdwp.dll+0x53b3]
C  [jdwp.dll+0x5571]
C  [jdwp.dll+0xf0a8]
C  [jdwp.dll+0x1f2d5]
C  [jdwp.dll+0x1f4aa]
V  [jvm.dll+0x1bb8e8]
V  [jvm.dll+0x243134]
V  [jvm.dll+0x299f6a]
C  [msvcr100.dll+0x21d9f]
C  [msvcr100.dll+0x21e3b]
C  [kernel32.dll+0x159ed]
C  [ntdll.dll+0x2c541]


---------------  P R O C E S S  ---------------

Java Threads: ( => current thread )
  0x0000000023978000 JavaThread "http-nio-8090-AsyncTimeout" daemon [_thread_blocked, id=12964, stack(0x000000002dcd0000,0x000000002ddd0000)]
  0x0000000023977800 JavaThread "http-nio-8090-Acceptor-0" daemon [_thread_in_native, id=13840, stack(0x000000002e7d0000,0x000000002e8d0000)]
  0x0000000023976800 JavaThread "http-nio-8090-ClientPoller-1" daemon [_thread_in_native, id=13904, stack(0x000000002e300000,0x000000002e400000)]
  0x0000000023976000 JavaThread "http-nio-8090-ClientPoller-0" daemon [_thread_in_native, id=12052, stack(0x000000002e160000,0x000000002e260000)]
  0x0000000023975000 JavaThread "http-nio-8090-exec-10" daemon [_thread_blocked, id=13640, stack(0x000000002dfe0000,0x000000002e0e0000)]
  0x0000000023974800 JavaThread "http-nio-8090-exec-9" daemon [_thread_blocked, id=14228, stack(0x000000002de10000,0x000000002df10000)]
  0x0000000023973800 JavaThread "http-nio-8090-exec-8" daemon [_thread_blocked, id=13216, stack(0x000000002db60000,0x000000002dc60000)]
  0x0000000023973000 JavaThread "http-nio-8090-exec-7" daemon [_thread_blocked, id=6204, stack(0x000000002bb20000,0x000000002bc20000)]
  0x0000000024d67800 JavaThread "http-nio-8090-exec-6" daemon [_thread_blocked, id=13424, stack(0x000000002d980000,0x000000002da80000)]
  0x0000000024d66800 JavaThread "http-nio-8090-exec-5" daemon [_thread_blocked, id=11796, stack(0x000000002d7b0000,0x000000002d8b0000)]
  0x0000000024d64800 JavaThread "http-nio-8090-exec-4" daemon [_thread_blocked, id=12184, stack(0x000000002d670000,0x000000002d770000)]
  0x0000000024d66000 JavaThread "http-nio-8090-exec-3" daemon [_thread_blocked, id=6272, stack(0x000000002d530000,0x000000002d630000)]
  0x0000000024d69800 JavaThread "http-nio-8090-exec-2" daemon [_thread_blocked, id=12896, stack(0x0000000017ca0000,0x0000000017da0000)]
  0x0000000024d63800 JavaThread "http-nio-8090-exec-1" daemon [_thread_blocked, id=13892, stack(0x000000002d370000,0x000000002d470000)]
  0x0000000024d63000 JavaThread "NioBlockingSelector.BlockPoller-26" daemon [_thread_in_native, id=13480, stack(0x00000000298e0000,0x00000000299e0000)]
  0x000000002a801000 JavaThread "File Watcher" daemon [_thread_blocked, id=8884, stack(0x0000000017ed0000,0x0000000017fd0000)]
  0x000000002a804800 JavaThread "CleanCursors-26-thread-1" daemon [_thread_blocked, id=2176, stack(0x0000000029a50000,0x0000000029b50000)]
  0x000000002a804000 JavaThread "cluster-ClusterId{value='5afd40287e389d0f4c9bcd4f', description='null'}-47.98.115.156:27017" daemon [_thread_blocked, id=3284, stack(0x000000002cc00000,0x000000002cd00000)]
  0x000000002a800000 JavaThread "container-0" [_thread_blocked, id=12568, stack(0x000000002cad0000,0x000000002cbd0000)]
  0x000000002a7fe800 JavaThread "ContainerBackgroundProcessor[StandardEngine[Tomcat]]" daemon [_thread_blocked, id=14328, stack(0x00000000227e0000,0x00000000228e0000)]
  0x0000000024d69000 JavaThread "DestroyJavaVM" [_thread_blocked, id=1768, stack(0x0000000002c60000,0x0000000002d60000)]
  0x000000002a7ff800 JavaThread "Live Reload Server" daemon [_thread_in_native, id=12592, stack(0x000000002c360000,0x000000002c460000)]
  0x0000000020a7f800 JavaThread "RMI TCP Accept-0" daemon [_thread_in_native, id=8104, stack(0x0000000021310000,0x0000000021410000)]
  0x00000000209ba800 JavaThread "RMI TCP Accept-55917" daemon [_thread_in_native, id=14204, stack(0x00000000211c0000,0x00000000212c0000)]
  0x00000000209a5800 JavaThread "RMI TCP Accept-0" daemon [_thread_in_native, id=12860, stack(0x0000000021030000,0x0000000021130000)]
  0x0000000015e60800 JavaThread "Service Thread" daemon [_thread_blocked, id=13496, stack(0x0000000020620000,0x0000000020720000)]
  0x0000000015de5000 JavaThread "C1 CompilerThread3" daemon [_thread_blocked, id=13820, stack(0x00000000204a0000,0x00000000205a0000)]
  0x0000000015dc4000 JavaThread "C2 CompilerThread2" daemon [_thread_blocked, id=11712, stack(0x0000000020290000,0x0000000020390000)]
  0x0000000015dbd800 JavaThread "C2 CompilerThread1" daemon [_thread_blocked, id=12924, stack(0x00000000200a0000,0x00000000201a0000)]
  0x0000000015dbc000 JavaThread "C2 CompilerThread0" daemon [_thread_blocked, id=13504, stack(0x00000000004a0000,0x00000000005a0000)]
  0x0000000015daa000 JavaThread "JDWP Command Reader" daemon [_thread_in_native, id=13232, stack(0x0000000017db0000,0x0000000017eb0000)]
  0x0000000015da7000 JavaThread "JDWP Event Helper Thread" daemon [_thread_blocked, id=14176, stack(0x0000000017b90000,0x0000000017c90000)]
=>0x0000000015d9c000 JavaThread "JDWP Transport Listener: dt_socket" daemon [_thread_in_vm, id=12684, stack(0x0000000017a00000,0x0000000017b00000)]
  0x0000000015d87000 JavaThread "Attach Listener" daemon [_thread_blocked, id=13724, stack(0x00000000173c0000,0x00000000174c0000)]
  0x0000000015d6f800 JavaThread "Signal Dispatcher" daemon [_thread_blocked, id=14184, stack(0x0000000017270000,0x0000000017370000)]
  0x0000000014bb3800 JavaThread "Finalizer" daemon [_thread_blocked, id=14140, stack(0x0000000016fb0000,0x00000000170b0000)]
  0x0000000014bac800 JavaThread "Reference Handler" daemon [_thread_blocked, id=2608, stack(0x0000000016c70000,0x0000000016d70000)]

Other Threads:
  0x0000000015d22800 VMThread [stack: 0x0000000016e50000,0x0000000016f50000] [id=3760]
  0x0000000020a1f800 WatcherThread [stack: 0x00000000203a0000,0x00000000204a0000] [id=13460]

VM state:not at safepoint (normal execution)

VM Mutex/Monitor currently owned by a thread: None

Heap:
 PSYoungGen      total 201216K, used 108859K [0x000000076af00000, 0x0000000777c80000, 0x00000007c0000000)
  eden space 192000K, 56% used [0x000000076af00000,0x000000077194ee60,0x0000000776a80000)
  from space 9216K, 0% used [0x0000000777380000,0x0000000777380000,0x0000000777c80000)
  to   space 9216K, 0% used [0x0000000776a80000,0x0000000776a80000,0x0000000777380000)
 ParOldGen       total 183296K, used 29399K [0x00000006c0c00000, 0x00000006cbf00000, 0x000000076af00000)
  object space 183296K, 16% used [0x00000006c0c00000,0x00000006c28b5d10,0x00000006cbf00000)
 Metaspace       used 57963K, capacity 63064K, committed 63192K, reserved 1103872K
  class space    used 6985K, capacity 8080K, committed 8152K, reserved 1048576K

Card table byte_map: [0x0000000012120000,0x0000000012920000] byte_map_base: 0x000000000eb1a000

Marking Bits: (ParMarkBitMap*) 0x000000007006a5b0
 Begin Bits: [0x0000000018020000, 0x000000001bff0000)
 End Bits:   [0x000000001bff0000, 0x000000001ffc0000)

Polling page: 0x0000000001e60000

CodeCache: size=245760Kb used=33752Kb max_used=33850Kb free=212007Kb
 bounds [0x0000000002d60000, 0x0000000004eb0000, 0x0000000011d60000]
 total_blobs=8164 nmethods=7686 adapters=397
 compilation: enabled

Compilation events (10 events):
Event: 838.161 Thread 0x0000000015de5000 nmethod 9594 0x00000000045b3d90 code [0x00000000045b3ee0, 0x00000000045b3ff0]
Event: 838.164 Thread 0x0000000015de5000 9595       1       org.springframework.context.event.ApplicationListenerMethodAdapter::supportsSourceType (2 bytes)
Event: 838.164 Thread 0x0000000015de5000 nmethod 9595 0x0000000003d11550 code [0x0000000003d116a0, 0x0000000003d117b0]
Event: 838.164 Thread 0x0000000015de5000 9596       1       org.springframework.context.event.ApplicationListenerMethodAdapter::getCondition (5 bytes)
Event: 838.164 Thread 0x0000000015de5000 nmethod 9596 0x0000000004e31a50 code [0x0000000004e31ba0, 0x0000000004e31cb0]
Event: 838.783 Thread 0x0000000015dbd800 nmethod 9553 0x0000000004e72110 code [0x0000000004e72c80, 0x0000000004e899b0]
Event: 848.107 Thread 0x0000000015de5000 9597       3       org.bson.BsonDocument::<init> (16 bytes)
Event: 848.107 Thread 0x0000000015de5000 nmethod 9597 0x0000000004e3cc90 code [0x0000000004e3ce20, 0x0000000004e3d230]
Event: 848.161 Thread 0x0000000015dbc000 9598   !   4       sun.nio.ch.SelectorImpl::processDeregisterQueue (101 bytes)
Event: 848.167 Thread 0x0000000015dbc000 nmethod 9598 0x0000000004e38dd0 code [0x0000000004e38f60, 0x0000000004e39530]

GC Heap History (10 events):
Event: 723.589 GC heap before
{Heap before GC invocations=55 (full 25):
 PSYoungGen      total 201216K, used 3331K [0x000000076af00000, 0x0000000777d80000, 0x00000007c0000000)
  eden space 192000K, 0% used [0x000000076af00000,0x000000076af00000,0x0000000776a80000)
  from space 9216K, 36% used [0x0000000777480000,0x00000007777c0cd0,0x0000000777d80000)
  to   space 9728K, 0% used [0x0000000776a80000,0x0000000776a80000,0x0000000777400000)
 ParOldGen       total 183296K, used 28981K [0x00000006c0c00000, 0x00000006cbf00000, 0x000000076af00000)
  object space 183296K, 15% used [0x00000006c0c00000,0x00000006c284d520,0x00000006cbf00000)
 Metaspace       used 56726K, capacity 62044K, committed 62296K, reserved 1103872K
  class space    used 6890K, capacity 7959K, committed 8024K, reserved 1048576K
Event: 723.682 GC heap after
Heap after GC invocations=55 (full 25):
 PSYoungGen      total 201216K, used 0K [0x000000076af00000, 0x0000000777d80000, 0x00000007c0000000)
  eden space 192000K, 0% used [0x000000076af00000,0x000000076af00000,0x0000000776a80000)
  from space 9216K, 0% used [0x0000000777480000,0x0000000777480000,0x0000000777d80000)
  to   space 9728K, 0% used [0x0000000776a80000,0x0000000776a80000,0x0000000777400000)
 ParOldGen       total 183296K, used 29121K [0x00000006c0c00000, 0x00000006cbf00000, 0x000000076af00000)
  object space 183296K, 15% used [0x00000006c0c00000,0x00000006c2870638,0x00000006cbf00000)
 Metaspace       used 56713K, capacity 62020K, committed 62296K, reserved 1103872K
  class space    used 6888K, capacity 7954K, committed 8024K, reserved 1048576K
}
Event: 833.833 GC heap before
{Heap before GC invocations=56 (full 25):
 PSYoungGen      total 201216K, used 138049K [0x000000076af00000, 0x0000000777d80000, 0x00000007c0000000)
  eden space 192000K, 71% used [0x000000076af00000,0x00000007735d0778,0x0000000776a80000)
  from space 9216K, 0% used [0x0000000777480000,0x0000000777480000,0x0000000777d80000)
  to   space 9728K, 0% used [0x0000000776a80000,0x0000000776a80000,0x0000000777400000)
 ParOldGen       total 183296K, used 29121K [0x00000006c0c00000, 0x00000006cbf00000, 0x000000076af00000)
  object space 183296K, 15% used [0x00000006c0c00000,0x00000006c2870638,0x00000006cbf00000)
 Metaspace       used 57120K, capacity 62362K, committed 62552K, reserved 1103872K
  class space    used 6921K, capacity 8000K, committed 8024K, reserved 1048576K
Event: 833.845 GC heap after
Heap after GC invocations=56 (full 25):
 PSYoungGen      total 195584K, used 3331K [0x000000076af00000, 0x0000000777c80000, 0x00000007c0000000)
  eden space 192000K, 0% used [0x000000076af00000,0x000000076af00000,0x0000000776a80000)
  from space 3584K, 92% used [0x0000000776a80000,0x0000000776dc0cd0,0x0000000776e00000)
  to   space 9216K, 0% used [0x0000000777380000,0x0000000777380000,0x0000000777c80000)
 ParOldGen       total 183296K, used 29129K [0x00000006c0c00000, 0x00000006cbf00000, 0x000000076af00000)
  object space 183296K, 15% used [0x00000006c0c00000,0x00000006c2872638,0x00000006cbf00000)
 Metaspace       used 57120K, capacity 62362K, committed 62552K, reserved 1103872K
  class space    used 6921K, capacity 8000K, committed 8024K, reserved 1048576K
}
Event: 833.845 GC heap before
{Heap before GC invocations=57 (full 26):
 PSYoungGen      total 195584K, used 3331K [0x000000076af00000, 0x0000000777c80000, 0x00000007c0000000)
  eden space 192000K, 0% used [0x000000076af00000,0x000000076af00000,0x0000000776a80000)
  from space 3584K, 92% used [0x0000000776a80000,0x0000000776dc0cd0,0x0000000776e00000)
  to   space 9216K, 0% used [0x0000000777380000,0x0000000777380000,0x0000000777c80000)
 ParOldGen       total 183296K, used 29129K [0x00000006c0c00000, 0x00000006cbf00000, 0x000000076af00000)
  object space 183296K, 15% used [0x00000006c0c00000,0x00000006c2872638,0x00000006cbf00000)
 Metaspace       used 57120K, capacity 62362K, committed 62552K, reserved 1103872K
  class space    used 6921K, capacity 8000K, committed 8024K, reserved 1048576K
Event: 833.948 GC heap after
Heap after GC invocations=57 (full 26):
 PSYoungGen      total 195584K, used 0K [0x000000076af00000, 0x0000000777c80000, 0x00000007c0000000)
  eden space 192000K, 0% used [0x000000076af00000,0x000000076af00000,0x0000000776a80000)
  from space 3584K, 0% used [0x0000000776a80000,0x0000000776a80000,0x0000000776e00000)
  to   space 9216K, 0% used [0x0000000777380000,0x0000000777380000,0x0000000777c80000)
 ParOldGen       total 183296K, used 29259K [0x00000006c0c00000, 0x00000006cbf00000, 0x000000076af00000)
  object space 183296K, 15% used [0x00000006c0c00000,0x00000006c2892fa0,0x00000006cbf00000)
 Metaspace       used 57106K, capacity 62338K, committed 62552K, reserved 1103872K
  class space    used 6919K, capacity 7995K, committed 8024K, reserved 1048576K
}
Event: 837.429 GC heap before
{Heap before GC invocations=58 (full 26):
 PSYoungGen      total 195584K, used 101076K [0x000000076af00000, 0x0000000777c80000, 0x00000007c0000000)
  eden space 192000K, 52% used [0x000000076af00000,0x00000007711b5330,0x0000000776a80000)
  from space 3584K, 0% used [0x0000000776a80000,0x0000000776a80000,0x0000000776e00000)
  to   space 9216K, 0% used [0x0000000777380000,0x0000000777380000,0x0000000777c80000)
 ParOldGen       total 183296K, used 29259K [0x00000006c0c00000, 0x00000006cbf00000, 0x000000076af00000)
  object space 183296K, 15% used [0x00000006c0c00000,0x00000006c2892fa0,0x00000006cbf00000)
 Metaspace       used 57514K, capacity 62680K, committed 62936K, reserved 1103872K
  class space    used 6953K, capacity 8041K, committed 8152K, reserved 1048576K
Event: 837.441 GC heap after
Heap after GC invocations=58 (full 26):
 PSYoungGen      total 201216K, used 3363K [0x000000076af00000, 0x0000000777c80000, 0x00000007c0000000)
  eden space 192000K, 0% used [0x000000076af00000,0x000000076af00000,0x0000000776a80000)
  from space 9216K, 36% used [0x0000000777380000,0x00000007776c8cd0,0x0000000777c80000)
  to   space 9216K, 0% used [0x0000000776a80000,0x0000000776a80000,0x0000000777380000)
 ParOldGen       total 183296K, used 29267K [0x00000006c0c00000, 0x00000006cbf00000, 0x000000076af00000)
  object space 183296K, 15% used [0x00000006c0c00000,0x00000006c2894fa0,0x00000006cbf00000)
 Metaspace       used 57514K, capacity 62680K, committed 62936K, reserved 1103872K
  class space    used 6953K, capacity 8041K, committed 8152K, reserved 1048576K
}
Event: 837.441 GC heap before
{Heap before GC invocations=59 (full 27):
 PSYoungGen      total 201216K, used 3363K [0x000000076af00000, 0x0000000777c80000, 0x00000007c0000000)
  eden space 192000K, 0% used [0x000000076af00000,0x000000076af00000,0x0000000776a80000)
  from space 9216K, 36% used [0x0000000777380000,0x00000007776c8cd0,0x0000000777c80000)
  to   space 9216K, 0% used [0x0000000776a80000,0x0000000776a80000,0x0000000777380000)
 ParOldGen       total 183296K, used 29267K [0x00000006c0c00000, 0x00000006cbf00000, 0x000000076af00000)
  object space 183296K, 15% used [0x00000006c0c00000,0x00000006c2894fa0,0x00000006cbf00000)
 Metaspace       used 57514K, capacity 62680K, committed 62936K, reserved 1103872K
  class space    used 6953K, capacity 8041K, committed 8152K, reserved 1048576K
Event: 837.534 GC heap after
Heap after GC invocations=59 (full 27):
 PSYoungGen      total 201216K, used 0K [0x000000076af00000, 0x0000000777c80000, 0x00000007c0000000)
  eden space 192000K, 0% used [0x000000076af00000,0x000000076af00000,0x0000000776a80000)
  from space 9216K, 0% used [0x0000000777380000,0x0000000777380000,0x0000000777c80000)
  to   space 9216K, 0% used [0x0000000776a80000,0x0000000776a80000,0x0000000777380000)
 ParOldGen       total 183296K, used 29399K [0x00000006c0c00000, 0x00000006cbf00000, 0x000000076af00000)
  object space 183296K, 16% used [0x00000006c0c00000,0x00000006c28b5d10,0x00000006cbf00000)
 Metaspace       used 57500K, capacity 62656K, committed 62936K, reserved 1103872K
  class space    used 6951K, capacity 8036K, committed 8152K, reserved 1048576K
}

Deoptimization events (10 events):
Event: 838.152 Thread 0x000000002a7fe000 Uncommon trap: reason=unhandled action=none pc=0x0000000003f57b94 method=java.lang.Class.getMethod(Ljava/lang/String;[Ljava/lang/Class;)Ljava/lang/reflect/Method; @ 61
Event: 838.152 Thread 0x000000002a7fe000 Uncommon trap: reason=unhandled action=none pc=0x0000000003f57b94 method=java.lang.Class.getMethod(Ljava/lang/String;[Ljava/lang/Class;)Ljava/lang/reflect/Method; @ 61
Event: 838.152 Thread 0x000000002a7fe000 Uncommon trap: reason=unhandled action=none pc=0x0000000003f57b94 method=java.lang.Class.getMethod(Ljava/lang/String;[Ljava/lang/Class;)Ljava/lang/reflect/Method; @ 61
Event: 838.153 Thread 0x000000002a7fe000 Uncommon trap: reason=unhandled action=none pc=0x0000000003f57b94 method=java.lang.Class.getMethod(Ljava/lang/String;[Ljava/lang/Class;)Ljava/lang/reflect/Method; @ 61
Event: 838.153 Thread 0x000000002a7fe000 Uncommon trap: reason=unhandled action=none pc=0x0000000003f57b94 method=java.lang.Class.getMethod(Ljava/lang/String;[Ljava/lang/Class;)Ljava/lang/reflect/Method; @ 61
Event: 838.153 Thread 0x000000002a7fe000 Uncommon trap: reason=unhandled action=none pc=0x0000000003f57b94 method=java.lang.Class.getMethod(Ljava/lang/String;[Ljava/lang/Class;)Ljava/lang/reflect/Method; @ 61
Event: 838.153 Thread 0x000000002a7fe000 Uncommon trap: reason=unhandled action=none pc=0x0000000003f57b94 method=java.lang.Class.getMethod(Ljava/lang/String;[Ljava/lang/Class;)Ljava/lang/reflect/Method; @ 61
Event: 838.156 Thread 0x000000002a7fe000 Uncommon trap: reason=unhandled action=none pc=0x0000000004a5bf58 method=java.lang.Class.getDeclaredMethod(Ljava/lang/String;[Ljava/lang/Class;)Ljava/lang/reflect/Method; @ 64
Event: 838.156 Thread 0x000000002a7fe000 Uncommon trap: reason=unhandled action=none pc=0x0000000004a5bf58 method=java.lang.Class.getDeclaredMethod(Ljava/lang/String;[Ljava/lang/Class;)Ljava/lang/reflect/Method; @ 64
Event: 838.156 Thread 0x000000002a7fe000 Uncommon trap: reason=unhandled action=none pc=0x0000000004a5bf58 method=java.lang.Class.getDeclaredMethod(Ljava/lang/String;[Ljava/lang/Class;)Ljava/lang/reflect/Method; @ 64

Internal exceptions (10 events):
Event: 838.147 Thread 0x000000002a7fe000 Exception <a 'java/lang/ArrayIndexOutOfBoundsException': 97> (0x000000077047ae68) thrown at [C:\re\workspace\8-2-build-windows-amd64-cygwin\jdk8u60\4407\hotspot\src\share\vm\interpreter\interpreterRuntime.cpp, line 366]
Event: 838.147 Thread 0x000000002a7fe000 Exception <a 'java/lang/ArrayIndexOutOfBoundsException': 40> (0x000000077047d7b8) thrown at [C:\re\workspace\8-2-build-windows-amd64-cygwin\jdk8u60\4407\hotspot\src\share\vm\interpreter\interpreterRuntime.cpp, line 366]
Event: 838.147 Thread 0x000000002a7fe000 Exception <a 'java/lang/ArrayIndexOutOfBoundsException': 47> (0x000000077047ef88) thrown at [C:\re\workspace\8-2-build-windows-amd64-cygwin\jdk8u60\4407\hotspot\src\share\vm\interpreter\interpreterRuntime.cpp, line 366]
Event: 838.150 Thread 0x000000002a7fe000 Exception <a 'java/lang/ArrayIndexOutOfBoundsException': 37> (0x0000000770539240) thrown at [C:\re\workspace\8-2-build-windows-amd64-cygwin\jdk8u60\4407\hotspot\src\share\vm\interpreter\interpreterRuntime.cpp, line 366]
Event: 838.150 Thread 0x000000002a7fe000 Exception <a 'java/lang/ArrayIndexOutOfBoundsException': 37> (0x000000077053e1d0) thrown at [C:\re\workspace\8-2-build-windows-amd64-cygwin\jdk8u60\4407\hotspot\src\share\vm\interpreter\interpreterRuntime.cpp, line 366]
Event: 838.150 Thread 0x000000002a7fe000 Exception <a 'java/lang/ArrayIndexOutOfBoundsException': 37> (0x0000000770546408) thrown at [C:\re\workspace\8-2-build-windows-amd64-cygwin\jdk8u60\4407\hotspot\src\share\vm\interpreter\interpreterRuntime.cpp, line 366]
Event: 838.150 Thread 0x000000002a7fe000 Exception <a 'java/lang/ArrayIndexOutOfBoundsException': 37> (0x000000077054b3b8) thrown at [C:\re\workspace\8-2-build-windows-amd64-cygwin\jdk8u60\4407\hotspot\src\share\vm\interpreter\interpreterRuntime.cpp, line 366]
Event: 838.150 Thread 0x000000002a7fe000 Exception <a 'java/lang/ArrayIndexOutOfBoundsException': 114> (0x0000000770552b38) thrown at [C:\re\workspace\8-2-build-windows-amd64-cygwin\jdk8u60\4407\hotspot\src\share\vm\interpreter\interpreterRuntime.cpp, line 366]
Event: 838.151 Thread 0x000000002a7fe000 Exception <a 'java/lang/ArrayIndexOutOfBoundsException': 50> (0x000000077058ef98) thrown at [C:\re\workspace\8-2-build-windows-amd64-cygwin\jdk8u60\4407\hotspot\src\share\vm\interpreter\interpreterRuntime.cpp, line 366]
Event: 838.151 Thread 0x000000002a7fe000 Exception <a 'java/lang/ArrayIndexOutOfBoundsException': 57> (0x0000000770590760) thrown at [C:\re\workspace\8-2-build-windows-amd64-cygwin\jdk8u60\4407\hotspot\src\share\vm\interpreter\interpreterRuntime.cpp, line 366]

Events (10 events):
Event: 838.162 Executing VM operation: RevokeBias
Event: 838.162 Executing VM operation: RevokeBias done
Event: 838.164 Thread 0x000000002a7fe000 Thread exited: 0x000000002a7fe000
Event: 838.165 Executing VM operation: RevokeBias
Event: 838.165 Executing VM operation: RevokeBias done
Event: 838.165 Thread 0x000000002a803000 Thread exited: 0x000000002a803000
Event: 847.944 Thread 0x000000002a802800 Thread exited: 0x000000002a802800
Event: 847.945 Thread 0x000000002a801800 Thread exited: 0x000000002a801800
Event: 862.289 Executing VM operation: RedefineClasses
Event: 863.090 Executing VM operation: RedefineClasses done


Dynamic libraries:
0x000000013f5c0000 - 0x000000013f5f7000 	C:\Program Files\Java\jdk1.8.0_60\bin\javaw.exe
0x00000000778d0000 - 0x0000000077a79000 	C:\windows\SYSTEM32\ntdll.dll
0x0000000018000000 - 0x0000000018014000 	c:\windows\system32\bdhookx64.dll
0x00000000776b0000 - 0x00000000777cf000 	C:\windows\system32\kernel32.dll
0x000007fefd9c0000 - 0x000007fefda2c000 	C:\windows\system32\KERNELBASE.dll
0x000007fefeda0000 - 0x000007fefee7b000 	C:\windows\system32\ADVAPI32.dll
0x000007feff4d0000 - 0x000007feff56f000 	C:\windows\system32\msvcrt.dll
0x000007feff640000 - 0x000007feff65f000 	C:\windows\SYSTEM32\sechost.dll
0x000007feff9d0000 - 0x000007feffafd000 	C:\windows\system32\RPCRT4.dll
0x00000000777d0000 - 0x00000000778ca000 	C:\windows\system32\USER32.dll
0x000007fefda40000 - 0x000007fefdaa7000 	C:\windows\system32\GDI32.dll
0x000007fefed60000 - 0x000007fefed6e000 	C:\windows\system32\LPK.dll
0x000007feff570000 - 0x000007feff639000 	C:\windows\system32\USP10.dll
0x000007fefc060000 - 0x000007fefc254000 	C:\windows\WinSxS\amd64_microsoft.windows.common-controls_6595b64144ccf1df_6.0.7601.17514_none_fa396087175ac9ac\COMCTL32.dll
0x000007feff180000 - 0x000007feff1f1000 	C:\windows\system32\SHLWAPI.dll
0x000007fefed70000 - 0x000007fefed9e000 	C:\windows\system32\IMM32.DLL
0x000007fefec30000 - 0x000007fefed39000 	C:\windows\system32\MSCTF.dll
0x0000000180000000 - 0x000000018000c000 	d:\Program Files (x86)\Baidu Security\Baidu Antivirus\5.4.3.148966.0\Baidu Antivirus\5.4.3.148966.0\Bavnt64.dll
0x0000000001cc0000 - 0x0000000001e26000 	d:\Program Files (x86)\Baidu Security\Baidu Antivirus\5.4.3.148966.0\Baidu Antivirus\5.4.3.148966.0\bavum64.dll
0x000007fefa660000 - 0x000007fefa687000 	C:\windows\system32\IPHLPAPI.DLL
0x000007feff660000 - 0x000007feff668000 	C:\windows\system32\NSI.dll
0x000007fefa650000 - 0x000007fefa65b000 	C:\windows\system32\WINNSI.DLL
0x000007fefdc90000 - 0x000007fefea18000 	C:\windows\system32\SHELL32.dll
0x000007fefea20000 - 0x000007fefec23000 	C:\windows\system32\ole32.dll
0x000007feffb00000 - 0x000007feffbd7000 	C:\windows\system32\OLEAUT32.dll
0x000007feff670000 - 0x000007feff6bd000 	C:\windows\system32\WS2_32.dll
0x0000000077aa0000 - 0x0000000077aa7000 	C:\windows\system32\PSAPI.DLL
0x000007fefee80000 - 0x000007feff0da000 	C:\windows\system32\WININET.dll
0x000007fefd9b0000 - 0x000007fefd9b4000 	C:\windows\system32\api-ms-win-downlevel-user32-l1-1-0.dll
0x000007fefda30000 - 0x000007fefda34000 	C:\windows\system32\api-ms-win-downlevel-shlwapi-l1-1-0.dll
0x000007fefd970000 - 0x000007fefd974000 	C:\windows\system32\api-ms-win-downlevel-version-l1-1-0.dll
0x000007fefc720000 - 0x000007fefc72c000 	C:\windows\system32\version.DLL
0x000007fefd910000 - 0x000007fefd913000 	C:\windows\system32\api-ms-win-downlevel-normaliz-l1-1-0.dll
0x0000000077a90000 - 0x0000000077a93000 	C:\windows\system32\normaliz.DLL
0x000007feff200000 - 0x000007feff4c7000 	C:\windows\system32\iertutil.dll
0x000007fefd980000 - 0x000007fefd985000 	C:\windows\system32\api-ms-win-downlevel-advapi32-l1-1-0.dll
0x000007fefd780000 - 0x000007fefd79e000 	C:\windows\system32\USERENV.dll
0x000007fefd690000 - 0x000007fefd69f000 	C:\windows\system32\profapi.dll
0x000007fefaa50000 - 0x000007fefaaa4000 	C:\windows\system32\OLEACC.dll
0x000007fefc790000 - 0x000007fefc7a1000 	C:\windows\system32\WTSAPI32.dll
0x00000000700f0000 - 0x00000000701c2000 	C:\Program Files\Java\jdk1.8.0_60\jre\bin\msvcr100.dll
0x000000006f860000 - 0x00000000700e9000 	C:\Program Files\Java\jdk1.8.0_60\jre\bin\server\jvm.dll
0x000007fef4930000 - 0x000007fef4939000 	C:\windows\system32\WSOCK32.dll
0x000007fefb070000 - 0x000007fefb0ab000 	C:\windows\system32\WINMM.dll
0x00000000704c0000 - 0x00000000704cf000 	C:\Program Files\Java\jdk1.8.0_60\jre\bin\verify.dll
0x0000000070490000 - 0x00000000704b9000 	C:\Program Files\Java\jdk1.8.0_60\jre\bin\java.dll
0x00000000514d0000 - 0x0000000051505000 	C:\Program Files\Java\jdk1.8.0_60\jre\bin\jdwp.dll
0x000000005b980000 - 0x000000005b988000 	C:\Program Files\Java\jdk1.8.0_60\jre\bin\npt.dll
0x0000000070220000 - 0x0000000070236000 	C:\Program Files\Java\jdk1.8.0_60\jre\bin\zip.dll
0x000000005b990000 - 0x000000005b999000 	C:\Program Files\Java\jdk1.8.0_60\jre\bin\dt_socket.dll
0x000007fefafe0000 - 0x000007fefaff5000 	C:\windows\system32\NLAapi.dll
0x000007fef77b0000 - 0x000007fef77c5000 	C:\windows\system32\napinsp.dll
0x000007fef7790000 - 0x000007fef77a9000 	C:\windows\system32\pnrpnsp.dll
0x000007fefce20000 - 0x000007fefce75000 	C:\windows\System32\mswsock.dll
0x000007fefcca0000 - 0x000007fefccfb000 	C:\windows\system32\DNSAPI.dll
0x000007fef7780000 - 0x000007fef778b000 	C:\windows\System32\winrnr.dll
0x000007fef7770000 - 0x000007fef7780000 	C:\windows\system32\wshbth.dll
0x000007fefa480000 - 0x000007fefa4d3000 	C:\windows\System32\fwpuclnt.dll
0x000007fef9560000 - 0x000007fef9568000 	C:\windows\system32\rasadhlp.dll
0x000007fefc660000 - 0x000007fefc667000 	C:\windows\System32\wshtcpip.dll
0x0000000065410000 - 0x000000006541d000 	C:\Program Files\Java\jdk1.8.0_60\jre\bin\management.dll
0x000000006a5d0000 - 0x000000006a5ea000 	C:\Program Files\Java\jdk1.8.0_60\jre\bin\net.dll
0x000007fefce10000 - 0x000007fefce17000 	C:\windows\System32\wship6.dll
0x0000000066ae0000 - 0x0000000066af1000 	C:\Program Files\Java\jdk1.8.0_60\jre\bin\nio.dll
0x000007fefce80000 - 0x000007fefce97000 	C:\windows\system32\CRYPTSP.dll
0x000007fefcb80000 - 0x000007fefcbc7000 	C:\windows\system32\rsaenh.dll
0x000007fefd4e0000 - 0x000007fefd4ef000 	C:\windows\system32\CRYPTBASE.dll
0x000007fefa1a0000 - 0x000007fefa1b1000 	C:\windows\system32\dhcpcsvc6.DLL
0x000007fefa180000 - 0x000007fefa198000 	C:\windows\system32\dhcpcsvc.DLL
0x00000000555f0000 - 0x0000000055614000 	C:\Program Files\Java\jdk1.8.0_60\jre\bin\sunec.dll
0x000007fef7bc0000 - 0x000007fef7ce5000 	C:\windows\system32\dbghelp.dll

VM Arguments:
jvm_args: -agentlib:jdwp=transport=dt_socket,suspend=y,address=localhost:55918 -Dcom.sun.management.jmxremote -Dcom.sun.management.jmxremote.port=55917 -Dcom.sun.management.jmxremote.authenticate=false -Dcom.sun.management.jmxremote.ssl=false -Djava.rmi.server.hostname=localhost -Dspring.liveBeansView.mbeanDomain -Dspring.application.admin.enabled=true -Dfile.encoding=UTF-8 
java_command: com.example.demo.XlytestApplication --spring.output.ansi.enabled=always
java_class_path (initial): C:\Users\lenovo\git\ourblog\target\classes;C:\Users\lenovo\.m2\repository\org\springframework\boot\spring-boot-starter-thymeleaf\2.0.1.RELEASE\spring-boot-starter-thymeleaf-2.0.1.RELEASE.jar;C:\Users\lenovo\.m2\repository\org\springframework\boot\spring-boot-starter\2.0.1.RELEASE\spring-boot-starter-2.0.1.RELEASE.jar;C:\Users\lenovo\.m2\repository\org\springframework\boot\spring-boot-starter-logging\2.0.1.RELEASE\spring-boot-starter-logging-2.0.1.RELEASE.jar;C:\Users\lenovo\.m2\repository\ch\qos\logback\logback-classic\1.2.3\logback-classic-1.2.3.jar;C:\Users\lenovo\.m2\repository\ch\qos\logback\logback-core\1.2.3\logback-core-1.2.3.jar;C:\Users\lenovo\.m2\repository\org\apache\logging\log4j\log4j-to-slf4j\2.10.0\log4j-to-slf4j-2.10.0.jar;C:\Users\lenovo\.m2\repository\org\apache\logging\log4j\log4j-api\2.10.0\log4j-api-2.10.0.jar;C:\Users\lenovo\.m2\repository\org\slf4j\jul-to-slf4j\1.7.25\jul-to-slf4j-1.7.25.jar;C:\Users\lenovo\.m2\repository\javax\annotation\javax.annotation-api\1.3.2\javax.annotation-api-1.3.2.jar;C:\Users\lenovo\.m2\repository\org\yaml\snakeyaml\1.19\snakeyaml-1.19.jar;C:\Users\lenovo\.m2\repository\org\thymeleaf\thymeleaf-spring5\3.0.9.RELEASE\thymeleaf-spring5-3.0.9.RELEASE.jar;C:\Users\lenovo\.m2\repository\org\thymeleaf\thymeleaf\3.0.9.RELEASE\thymeleaf-3.0.9.RELEASE.jar;C:\Users\lenovo\.m2\repository\org\attoparser\attoparser\2.0.4.RELEASE\attoparser-2.0.4.RELEASE.jar;C:\Users\lenovo\.m2\repository\org\unbescape\unbescape\1.1.5.RELEASE\unbescape-1.1.5.RELEASE.jar;C:\Users\lenovo\.m2\repository\org\slf4j\slf4j-api\1.7.25\slf4j-api-1.7.25.jar;C:\Users\lenovo\.m2\repository\org\thymeleaf\extras\thymeleaf-extras-java8time\3.0.1.RELEASE\thymeleaf-extras-java8time-3.0.1.RELEASE.jar;C:\Users\lenovo\.m2\repository\com\google\code\gson\gson\2.8.2\gson-2.8.2.jar;C:\Users\lenovo\.m2\repository\org\springframework\boot\spring-boot-starter-data-mongodb\2.0.1.RELEASE\spring-boot-starter-data-mongodb-2.0.1.RELEASE.jar;C:\User
Launcher Type: SUN_STANDARD

Environment Variables:
JAVA_HOME=C:\Program Files\Java\jdk1.8.0_60
CLASSPATH=.C:\Program Files\Java\jdk1.8.0_60\lib;C:\Program Files\Java\jdk1.8.0_60\lib\tools.jar
PATH=C:\ProgramData\Oracle\Java\javapath;C:\windows\system32;C:\windows;C:\windows\System32\Wbem;C:\windows\System32\WindowsPowerShell\v1.0\;C:\Program Files\Java\jdk1.8.0_60\bin;C:\Program Files\Java\jdk1.8.0_60\jre\bin;D:\apacheMaven\apache-maven-3.5.0\bin;D:\zookeeper-3.5.3-beta/bin; D:\zookeeper-3.5.3-beta/conf;D:\Program Files\TortoiseSVN\bin;C:\Program Files\nodejs\;D:\Yarn\bin;D:\Git\cmd;D:\user\gradle-4.6\BIN;D:\Program Files (x86)\Yarn\bin;C:\Users\lenovo\AppData\Local\Yarn\bin;C:\Users\lenovo\AppData\Roaming\npm
USERNAME=lenovo
OS=Windows_NT
PROCESSOR_IDENTIFIER=Intel64 Family 6 Model 94 Stepping 3, GenuineIntel



---------------  S Y S T E M  ---------------

OS: Windows 7 , 64 bit Build 7601 (6.1.7601.18409)

CPU:total 8 (4 cores per cpu, 2 threads per core) family 6 model 94 stepping 3, cmov, cx8, fxsr, mmx, sse, sse2, sse3, ssse3, sse4.1, sse4.2, popcnt, avx, avx2, aes, clmul, erms, rtm, 3dnowpref, lzcnt, ht, tsc, tscinvbit, bmi1, bmi2, adx

Memory: 4k page, physical 16724628k(6885680k free), swap 33447400k(21206128k free)

vm_info: Java HotSpot(TM) 64-Bit Server VM (25.60-b23) for windows-amd64 JRE (1.8.0_60-b27), built on Aug  4 2015 11:06:27 by "java_re" with MS VC++ 10.0 (VS2010)

time: Thu May 17 16:41:38 2018
elapsed time: 863 seconds (0d 0h 14m 23s)

